{"/home/tobi/react-apps/store-app-react/src/main.tsx": {"path":"/home/tobi/react-apps/store-app-react/src/main.tsx","statementMap":{"0":{"start":{"line":1,"column":0},"end":{"line":1,"column":26}},"1":{"start":{"line":2,"column":0},"end":{"line":2,"column":40}},"2":{"start":{"line":3,"column":0},"end":{"line":3,"column":21}},"3":{"start":{"line":4,"column":0},"end":{"line":4,"column":71}},"4":{"start":{"line":5,"column":0},"end":{"line":5,"column":38}},"5":{"start":{"line":6,"column":0},"end":{"line":6,"column":43}},"6":{"start":{"line":7,"column":0},"end":{"line":7,"column":58}},"7":{"start":{"line":8,"column":0},"end":{"line":8,"column":37}},"8":{"start":{"line":9,"column":0},"end":{"line":9,"column":58}},"9":{"start":{"line":10,"column":0},"end":{"line":10,"column":39}},"10":{"start":{"line":11,"column":0},"end":{"line":11,"column":38}},"11":{"start":{"line":12,"column":0},"end":{"line":12,"column":57}},"12":{"start":{"line":13,"column":0},"end":{"line":13,"column":54}},"13":{"start":{"line":14,"column":15},"end":{"line":49,"column":2}},"14":{"start":{"line":51,"column":0},"end":{"line":57,"column":2}}},"fnMap":{},"branchMap":{},"s":{"0":0,"1":0,"2":0,"3":0,"4":0,"5":0,"6":0,"7":0,"8":0,"9":0,"10":0,"11":0,"12":0,"13":0,"14":0},"f":{},"b":{}}
,"/home/tobi/react-apps/store-app-react/src/setupTests.js": {"path":"/home/tobi/react-apps/store-app-react/src/setupTests.js","statementMap":{},"fnMap":{},"branchMap":{},"s":{},"f":{},"b":{}}
,"/home/tobi/react-apps/store-app-react/src/vite-env.d.ts": {"path":"/home/tobi/react-apps/store-app-react/src/vite-env.d.ts","statementMap":{},"fnMap":{},"branchMap":{},"s":{},"f":{},"b":{}}
,"/home/tobi/react-apps/store-app-react/src/Layout/Main/Main.tsx": {"path":"/home/tobi/react-apps/store-app-react/src/Layout/Main/Main.tsx","statementMap":{"0":{"start":{"line":1,"column":0},"end":{"line":1,"column":37}},"1":{"start":{"line":2,"column":0},"end":{"line":2,"column":47}},"2":{"start":{"line":3,"column":0},"end":{"line":3,"column":50}},"3":{"start":{"line":4,"column":0},"end":{"line":4,"column":47}},"4":{"start":{"line":5,"column":0},"end":{"line":5,"column":41}},"5":{"start":{"line":6,"column":0},"end":{"line":6,"column":42}},"6":{"start":{"line":8,"column":13},"end":{"line":28,"column":1}},"7":{"start":{"line":9,"column":2},"end":{"line":27,"column":4}},"8":{"start":{"line":30,"column":0},"end":{"line":30,"column":20}}},"fnMap":{"0":{"name":"(anonymous_1)","decl":{"start":{"line":8,"column":13},"end":{"line":8,"column":29}},"loc":{"start":{"line":8,"column":31},"end":{"line":28,"column":1}}}},"branchMap":{},"s":{"0":0,"1":0,"2":0,"3":0,"4":0,"5":0,"6":0,"7":0,"8":0},"f":{"0":0},"b":{}}
,"/home/tobi/react-apps/store-app-react/src/Layout/Main/styled.ts": {"path":"/home/tobi/react-apps/store-app-react/src/Layout/Main/styled.ts","statementMap":{"0":{"start":{"line":1,"column":0},"end":{"line":1,"column":45}},"1":{"start":{"line":3,"column":13},"end":{"line":6,"column":2}}},"fnMap":{},"branchMap":{},"s":{"0":0,"1":0},"f":{},"b":{}}
,"/home/tobi/react-apps/store-app-react/src/Pages/Card/Card.tsx": {"path":"/home/tobi/react-apps/store-app-react/src/Pages/Card/Card.tsx","statementMap":{"0":{"start":{"line":1,"column":0},"end":{"line":1,"column":55}},"1":{"start":{"line":2,"column":0},"end":{"line":2,"column":null}},"2":{"start":{"line":12,"column":0},"end":{"line":12,"column":44}},"3":{"start":{"line":13,"column":0},"end":{"line":13,"column":47}},"4":{"start":{"line":14,"column":0},"end":{"line":14,"column":39}},"5":{"start":{"line":15,"column":0},"end":{"line":15,"column":53}},"6":{"start":{"line":16,"column":0},"end":{"line":16,"column":26}},"7":{"start":{"line":17,"column":0},"end":{"line":17,"column":58}},"8":{"start":{"line":18,"column":22},"end":{"line":18,"column":25}},"9":{"start":{"line":19,"column":13},"end":{"line":98,"column":1}},"10":{"start":{"line":20,"column":42},"end":{"line":20,"column":65}},"11":{"start":{"line":21,"column":16},"end":{"line":21,"column":59}},"12":{"start":{"line":21,"column":46},"end":{"line":21,"column":58}},"13":{"start":{"line":22,"column":19},"end":{"line":22,"column":45}},"14":{"start":{"line":23,"column":19},"end":{"line":23,"column":32}},"15":{"start":{"line":24,"column":16},"end":{"line":32,"column":38}},"16":{"start":{"line":26,"column":22},"end":{"line":26,"column":61}},"17":{"start":{"line":26,"column":47},"end":{"line":26,"column":60}},"18":{"start":{"line":27,"column":6},"end":{"line":29,"column":7}},"19":{"start":{"line":28,"column":8},"end":{"line":28,"column":17}},"20":{"start":{"line":30,"column":6},"end":{"line":30,"column":37}},"21":{"start":{"line":32,"column":25},"end":{"line":32,"column":33}},"22":{"start":{"line":34,"column":18},"end":{"line":39,"column":3}},"23":{"start":{"line":35,"column":21},"end":{"line":36,"column":null}},"24":{"start":{"line":38,"column":4},"end":{"line":38,"column":16}},"25":{"start":{"line":41,"column":23},"end":{"line":44,"column":3}},"26":{"start":{"line":42,"column":16},"end":{"line":42,"column":66}},"27":{"start":{"line":42,"column":51},"end":{"line":42,"column":64}},"28":{"start":{"line":43,"column":4},"end":{"line":43,"column":25}},"29":{"start":{"line":46,"column":19},"end":{"line":49,"column":3}},"30":{"start":{"line":47,"column":4},"end":{"line":47,"column":34}},"31":{"start":{"line":48,"column":4},"end":{"line":48,"column":30}},"32":{"start":{"line":51,"column":2},"end":{"line":53,"column":14}},"33":{"start":{"line":52,"column":4},"end":{"line":52,"column":19}},"34":{"start":{"line":54,"column":2},"end":{"line":97,"column":4}},"35":{"start":{"line":58,"column":24},"end":{"line":58,"column":63}},"36":{"start":{"line":58,"column":49},"end":{"line":58,"column":62}},"37":{"start":{"line":59,"column":8},"end":{"line":61,"column":9}},"38":{"start":{"line":60,"column":10},"end":{"line":60,"column":17}},"39":{"start":{"line":62,"column":8},"end":{"line":62,"column":74}},"40":{"start":{"line":91,"column":25},"end":{"line":91,"column":56}},"41":{"start":{"line":100,"column":0},"end":{"line":100,"column":20}}},"fnMap":{"0":{"name":"(anonymous_1)","decl":{"start":{"line":19,"column":13},"end":{"line":19,"column":29}},"loc":{"start":{"line":19,"column":31},"end":{"line":98,"column":1}}},"1":{"name":"(anonymous_2)","decl":{"start":{"line":21,"column":28},"end":{"line":21,"column":29}},"loc":{"start":{"line":21,"column":46},"end":{"line":21,"column":58}}},"2":{"name":"(anonymous_3)","decl":{"start":{"line":25,"column":9},"end":{"line":25,"column":10}},"loc":{"start":{"line":25,"column":15},"end":{"line":31,"column":5}}},"3":{"name":"(anonymous_4)","decl":{"start":{"line":26,"column":40},"end":{"line":26,"column":41}},"loc":{"start":{"line":26,"column":47},"end":{"line":26,"column":60}}},"4":{"name":"(anonymous_5)","decl":{"start":{"line":32,"column":12},"end":{"line":32,"column":13}},"loc":{"start":{"line":32,"column":25},"end":{"line":32,"column":33}}},"5":{"name":"(anonymous_6)","decl":{"start":{"line":34,"column":18},"end":{"line":34,"column":23}},"loc":{"start":{"line":34,"column":39},"end":{"line":39,"column":3}}},"6":{"name":"(anonymous_7)","decl":{"start":{"line":41,"column":23},"end":{"line":41,"column":28}},"loc":{"start":{"line":41,"column":34},"end":{"line":44,"column":3}}},"7":{"name":"(anonymous_8)","decl":{"start":{"line":42,"column":44},"end":{"line":42,"column":45}},"loc":{"start":{"line":42,"column":51},"end":{"line":42,"column":64}}},"8":{"name":"(anonymous_9)","decl":{"start":{"line":46,"column":19},"end":{"line":46,"column":20}},"loc":{"start":{"line":46,"column":37},"end":{"line":49,"column":3}}},"9":{"name":"(anonymous_10)","decl":{"start":{"line":51,"column":12},"end":{"line":51,"column":15}},"loc":{"start":{"line":51,"column":17},"end":{"line":53,"column":3}}},"10":{"name":"(anonymous_11)","decl":{"start":{"line":57,"column":17},"end":{"line":57,"column":18}},"loc":{"start":{"line":57,"column":23},"end":{"line":63,"column":7}}},"11":{"name":"(anonymous_12)","decl":{"start":{"line":58,"column":42},"end":{"line":58,"column":43}},"loc":{"start":{"line":58,"column":49},"end":{"line":58,"column":62}}},"12":{"name":"(anonymous_13)","decl":{"start":{"line":91,"column":19},"end":{"line":91,"column":22}},"loc":{"start":{"line":91,"column":25},"end":{"line":91,"column":56}}}},"branchMap":{"0":{"loc":{"start":{"line":27,"column":6},"end":{"line":29,"column":7}},"type":"if","locations":[{"start":{"line":27,"column":6},"end":{"line":29,"column":7}}]},"1":{"loc":{"start":{"line":59,"column":8},"end":{"line":61,"column":9}},"type":"if","locations":[{"start":{"line":59,"column":8},"end":{"line":61,"column":9}}]}},"s":{"0":0,"1":0,"2":0,"3":0,"4":0,"5":0,"6":0,"7":0,"8":0,"9":0,"10":0,"11":0,"12":0,"13":0,"14":0,"15":0,"16":0,"17":0,"18":0,"19":0,"20":0,"21":0,"22":0,"23":0,"24":0,"25":0,"26":0,"27":0,"28":0,"29":0,"30":0,"31":0,"32":0,"33":0,"34":0,"35":0,"36":0,"37":0,"38":0,"39":0,"40":0,"41":0},"f":{"0":0,"1":0,"2":0,"3":0,"4":0,"5":0,"6":0,"7":0,"8":0,"9":0,"10":0,"11":0,"12":0},"b":{"0":[0],"1":[0]}}
,"/home/tobi/react-apps/store-app-react/src/Pages/Card/styled.ts": {"path":"/home/tobi/react-apps/store-app-react/src/Pages/Card/styled.ts","statementMap":{"0":{"start":{"line":1,"column":0},"end":{"line":1,"column":39}},"1":{"start":{"line":3,"column":13},"end":{"line":9,"column":2}},"2":{"start":{"line":11,"column":13},"end":{"line":15,"column":2}},"3":{"start":{"line":17,"column":13},"end":{"line":23,"column":2}},"4":{"start":{"line":25,"column":13},"end":{"line":34,"column":2}},"5":{"start":{"line":36,"column":13},"end":{"line":41,"column":2}},"6":{"start":{"line":43,"column":13},"end":{"line":47,"column":2}},"7":{"start":{"line":49,"column":13},"end":{"line":56,"column":2}},"8":{"start":{"line":58,"column":13},"end":{"line":65,"column":2}},"9":{"start":{"line":67,"column":13},"end":{"line":73,"column":2}}},"fnMap":{},"branchMap":{},"s":{"0":0,"1":0,"2":0,"3":0,"4":0,"5":0,"6":0,"7":0,"8":0,"9":0},"f":{},"b":{}}
,"/home/tobi/react-apps/store-app-react/src/Pages/Error/Error.tsx": {"path":"/home/tobi/react-apps/store-app-react/src/Pages/Error/Error.tsx","statementMap":{"0":{"start":{"line":3,"column":0},"end":{"line":3,"column":null}},"1":{"start":{"line":12,"column":2},"end":{"line":20,"column":4}},"2":{"start":{"line":11,"column":0},"end":{"line":11,"column":24}}},"fnMap":{"0":{"name":"NotFound","decl":{"start":{"line":11,"column":24},"end":{"line":11,"column":32}},"loc":{"start":{"line":11,"column":32},"end":{"line":21,"column":1}}}},"branchMap":{},"s":{"0":0,"1":0,"2":0},"f":{"0":0},"b":{}}
,"/home/tobi/react-apps/store-app-react/src/Pages/Error/styled.ts": {"path":"/home/tobi/react-apps/store-app-react/src/Pages/Error/styled.ts","statementMap":{"0":{"start":{"line":1,"column":0},"end":{"line":1,"column":39}},"1":{"start":{"line":2,"column":0},"end":{"line":2,"column":40}},"2":{"start":{"line":4,"column":13},"end":{"line":13,"column":2}},"3":{"start":{"line":15,"column":13},"end":{"line":17,"column":2}},"4":{"start":{"line":19,"column":13},"end":{"line":23,"column":2}},"5":{"start":{"line":25,"column":13},"end":{"line":29,"column":2}},"6":{"start":{"line":31,"column":13},"end":{"line":43,"column":2}}},"fnMap":{},"branchMap":{},"s":{"0":0,"1":0,"2":0,"3":0,"4":0,"5":0,"6":0},"f":{},"b":{}}
,"/home/tobi/react-apps/store-app-react/src/Pages/Footer/Footer.tsx": {"path":"/home/tobi/react-apps/store-app-react/src/Pages/Footer/Footer.tsx","statementMap":{"0":{"start":{"line":1,"column":0},"end":{"line":1,"column":41}},"1":{"start":{"line":3,"column":15},"end":{"line":12,"column":1}},"2":{"start":{"line":4,"column":2},"end":{"line":11,"column":4}},"3":{"start":{"line":14,"column":0},"end":{"line":14,"column":22}}},"fnMap":{"0":{"name":"(anonymous_0)","decl":{"start":{"line":3,"column":15},"end":{"line":3,"column":31}},"loc":{"start":{"line":3,"column":33},"end":{"line":12,"column":1}}}},"branchMap":{},"s":{"0":1,"1":1,"2":1,"3":1},"f":{"0":1},"b":{}}
,"/home/tobi/react-apps/store-app-react/src/Pages/Footer/styled.ts": {"path":"/home/tobi/react-apps/store-app-react/src/Pages/Footer/styled.ts","statementMap":{"0":{"start":{"line":1,"column":0},"end":{"line":1,"column":39}},"1":{"start":{"line":3,"column":13},"end":{"line":8,"column":2}}},"fnMap":{},"branchMap":{},"s":{"0":1,"1":1},"f":{},"b":{}}
,"/home/tobi/react-apps/store-app-react/src/Pages/Header/Header.tsx": {"path":"/home/tobi/react-apps/store-app-react/src/Pages/Header/Header.tsx","statementMap":{"0":{"start":{"line":1,"column":0},"end":{"line":1,"column":31}},"1":{"start":{"line":2,"column":0},"end":{"line":2,"column":42}},"2":{"start":{"line":3,"column":0},"end":{"line":3,"column":36}},"3":{"start":{"line":4,"column":0},"end":{"line":4,"column":44}},"4":{"start":{"line":5,"column":0},"end":{"line":5,"column":50}},"5":{"start":{"line":6,"column":0},"end":{"line":6,"column":50}},"6":{"start":{"line":7,"column":0},"end":{"line":7,"column":38}},"7":{"start":{"line":8,"column":0},"end":{"line":8,"column":48}},"8":{"start":{"line":9,"column":0},"end":{"line":9,"column":48}},"9":{"start":{"line":10,"column":0},"end":{"line":10,"column":44}},"10":{"start":{"line":11,"column":0},"end":{"line":11,"column":46}},"11":{"start":{"line":12,"column":0},"end":{"line":12,"column":46}},"12":{"start":{"line":13,"column":0},"end":{"line":13,"column":64}},"13":{"start":{"line":14,"column":0},"end":{"line":14,"column":39}},"14":{"start":{"line":15,"column":0},"end":{"line":15,"column":40}},"15":{"start":{"line":16,"column":0},"end":{"line":16,"column":42}},"16":{"start":{"line":18,"column":0},"end":{"line":18,"column":61}},"17":{"start":{"line":20,"column":13},"end":{"line":20,"column":23}},"18":{"start":{"line":22,"column":15},"end":{"line":140,"column":1}},"19":{"start":{"line":23,"column":16},"end":{"line":23,"column":59}},"20":{"start":{"line":23,"column":46},"end":{"line":23,"column":58}},"21":{"start":{"line":24,"column":40},"end":{"line":25,"column":null}},"22":{"start":{"line":28,"column":28},"end":{"line":30,"column":3}},"23":{"start":{"line":29,"column":4},"end":{"line":29,"column":40}},"24":{"start":{"line":31,"column":29},"end":{"line":33,"column":3}},"25":{"start":{"line":32,"column":4},"end":{"line":32,"column":25}},"26":{"start":{"line":35,"column":2},"end":{"line":139,"column":4}},"27":{"start":{"line":141,"column":0},"end":{"line":141,"column":22}}},"fnMap":{"0":{"name":"(anonymous_7)","decl":{"start":{"line":22,"column":15},"end":{"line":22,"column":31}},"loc":{"start":{"line":22,"column":33},"end":{"line":140,"column":1}}},"1":{"name":"(anonymous_8)","decl":{"start":{"line":23,"column":28},"end":{"line":23,"column":29}},"loc":{"start":{"line":23,"column":46},"end":{"line":23,"column":58}}},"2":{"name":"(anonymous_9)","decl":{"start":{"line":28,"column":28},"end":{"line":28,"column":29}},"loc":{"start":{"line":28,"column":69},"end":{"line":30,"column":3}}},"3":{"name":"(anonymous_10)","decl":{"start":{"line":31,"column":29},"end":{"line":31,"column":32}},"loc":{"start":{"line":31,"column":34},"end":{"line":33,"column":3}}}},"branchMap":{},"s":{"0":0,"1":0,"2":0,"3":0,"4":0,"5":0,"6":0,"7":0,"8":0,"9":0,"10":0,"11":0,"12":0,"13":0,"14":0,"15":0,"16":0,"17":0,"18":0,"19":0,"20":0,"21":0,"22":0,"23":0,"24":0,"25":0,"26":0,"27":0},"f":{"0":0,"1":0,"2":0,"3":0},"b":{}}
,"/home/tobi/react-apps/store-app-react/src/Pages/Header/styled.ts": {"path":"/home/tobi/react-apps/store-app-react/src/Pages/Header/styled.ts","statementMap":{"0":{"start":{"line":1,"column":0},"end":{"line":1,"column":58}},"1":{"start":{"line":3,"column":13},"end":{"line":10,"column":4}},"2":{"start":{"line":3,"column":69},"end":{"line":10,"column":2}}},"fnMap":{"0":{"name":"(anonymous_0)","decl":{"start":{"line":3,"column":53},"end":{"line":3,"column":54}},"loc":{"start":{"line":3,"column":69},"end":{"line":10,"column":2}}}},"branchMap":{},"s":{"0":0,"1":0,"2":0},"f":{"0":0},"b":{}}
,"/home/tobi/react-apps/store-app-react/src/Pages/Layout/Main/styled.ts": {"path":"/home/tobi/react-apps/store-app-react/src/Pages/Layout/Main/styled.ts","statementMap":{"0":{"start":{"line":1,"column":0},"end":{"line":1,"column":45}},"1":{"start":{"line":3,"column":13},"end":{"line":6,"column":2}}},"fnMap":{},"branchMap":{},"s":{"0":0,"1":0},"f":{},"b":{}}
,"/home/tobi/react-apps/store-app-react/src/Pages/Loading/LoadingPageList.tsx": {"path":"/home/tobi/react-apps/store-app-react/src/Pages/Loading/LoadingPageList.tsx","statementMap":{"0":{"start":{"line":1,"column":0},"end":{"line":1,"column":47}},"1":{"start":{"line":3,"column":24},"end":{"line":18,"column":1}},"2":{"start":{"line":4,"column":2},"end":{"line":17,"column":4}},"3":{"start":{"line":11,"column":8},"end":{"line":11,"column":null}},"4":{"start":{"line":20,"column":0},"end":{"line":20,"column":31}}},"fnMap":{"0":{"name":"(anonymous_0)","decl":{"start":{"line":3,"column":24},"end":{"line":3,"column":40}},"loc":{"start":{"line":3,"column":42},"end":{"line":18,"column":1}}},"1":{"name":"(anonymous_1)","decl":{"start":{"line":10,"column":30},"end":{"line":10,"column":31}},"loc":{"start":{"line":11,"column":8},"end":{"line":11,"column":null}}}},"branchMap":{},"s":{"0":1,"1":1,"2":0,"3":0,"4":1},"f":{"0":0,"1":0},"b":{}}
,"/home/tobi/react-apps/store-app-react/src/Pages/Loading/LoadingProductPage.tsx": {"path":"/home/tobi/react-apps/store-app-react/src/Pages/Loading/LoadingProductPage.tsx","statementMap":{"0":{"start":{"line":1,"column":0},"end":{"line":1,"column":41}},"1":{"start":{"line":2,"column":0},"end":{"line":2,"column":null}},"2":{"start":{"line":12,"column":27},"end":{"line":50,"column":1}},"3":{"start":{"line":13,"column":2},"end":{"line":49,"column":4}},"4":{"start":{"line":52,"column":0},"end":{"line":52,"column":34}}},"fnMap":{"0":{"name":"(anonymous_0)","decl":{"start":{"line":12,"column":27},"end":{"line":12,"column":30}},"loc":{"start":{"line":12,"column":32},"end":{"line":50,"column":1}}}},"branchMap":{},"s":{"0":0,"1":0,"2":0,"3":0,"4":0},"f":{"0":0},"b":{}}
,"/home/tobi/react-apps/store-app-react/src/Pages/Payment/PaymentPage.tsx": {"path":"/home/tobi/react-apps/store-app-react/src/Pages/Payment/PaymentPage.tsx","statementMap":{"0":{"start":{"line":1,"column":0},"end":{"line":1,"column":52}},"1":{"start":{"line":2,"column":0},"end":{"line":2,"column":null}},"2":{"start":{"line":13,"column":0},"end":{"line":13,"column":58}},"3":{"start":{"line":14,"column":0},"end":{"line":14,"column":56}},"4":{"start":{"line":15,"column":0},"end":{"line":15,"column":54}},"5":{"start":{"line":17,"column":20},"end":{"line":134,"column":1}},"6":{"start":{"line":18,"column":38},"end":{"line":18,"column":58}},"7":{"start":{"line":19,"column":30},"end":{"line":19,"column":50}},"8":{"start":{"line":20,"column":24},"end":{"line":20,"column":44}},"9":{"start":{"line":21,"column":46},"end":{"line":21,"column":58}},"10":{"start":{"line":22,"column":20},"end":{"line":22,"column":31}},"11":{"start":{"line":23,"column":32},"end":{"line":23,"column":52}},"12":{"start":{"line":24,"column":32},"end":{"line":24,"column":56}},"13":{"start":{"line":25,"column":19},"end":{"line":25,"column":32}},"14":{"start":{"line":27,"column":27},"end":{"line":31,"column":3}},"15":{"start":{"line":28,"column":27},"end":{"line":28,"column":68}},"16":{"start":{"line":29,"column":31},"end":{"line":29,"column":62}},"17":{"start":{"line":30,"column":4},"end":{"line":30,"column":66}},"18":{"start":{"line":33,"column":23},"end":{"line":37,"column":3}},"19":{"start":{"line":34,"column":27},"end":{"line":34,"column":67}},"20":{"start":{"line":35,"column":27},"end":{"line":35,"column":58}},"21":{"start":{"line":36,"column":4},"end":{"line":36,"column":58}},"22":{"start":{"line":39,"column":33},"end":{"line":44,"column":3}},"23":{"start":{"line":42,"column":18},"end":{"line":42,"column":36}},"24":{"start":{"line":43,"column":4},"end":{"line":43,"column":43}},"25":{"start":{"line":46,"column":29},"end":{"line":51,"column":3}},"26":{"start":{"line":49,"column":18},"end":{"line":49,"column":36}},"27":{"start":{"line":50,"column":4},"end":{"line":50,"column":35}},"28":{"start":{"line":53,"column":26},"end":{"line":58,"column":3}},"29":{"start":{"line":56,"column":18},"end":{"line":56,"column":71}},"30":{"start":{"line":57,"column":4},"end":{"line":57,"column":18}},"31":{"start":{"line":59,"column":30},"end":{"line":71,"column":3}},"32":{"start":{"line":60,"column":4},"end":{"line":60,"column":23}},"33":{"start":{"line":61,"column":4},"end":{"line":63,"column":5}},"34":{"start":{"line":62,"column":6},"end":{"line":62,"column":67}},"35":{"start":{"line":64,"column":4},"end":{"line":70,"column":5}},"36":{"start":{"line":65,"column":6},"end":{"line":65,"column":23}},"37":{"start":{"line":66,"column":6},"end":{"line":69,"column":15}},"38":{"start":{"line":67,"column":8},"end":{"line":67,"column":26}},"39":{"start":{"line":68,"column":8},"end":{"line":68,"column":29}},"40":{"start":{"line":72,"column":2},"end":{"line":82,"column":3}},"41":{"start":{"line":73,"column":4},"end":{"line":81,"column":6}},"42":{"start":{"line":84,"column":2},"end":{"line":133,"column":4}},"43":{"start":{"line":93,"column":29},"end":{"line":93,"column":62}},"44":{"start":{"line":102,"column":29},"end":{"line":102,"column":54}},"45":{"start":{"line":111,"column":31},"end":{"line":111,"column":52}},"46":{"start":{"line":120,"column":31},"end":{"line":120,"column":49}},"47":{"start":{"line":127,"column":32},"end":{"line":127,"column":54}},"48":{"start":{"line":136,"column":0},"end":{"line":136,"column":27}}},"fnMap":{"0":{"name":"(anonymous_1)","decl":{"start":{"line":17,"column":20},"end":{"line":17,"column":23}},"loc":{"start":{"line":17,"column":25},"end":{"line":134,"column":1}}},"1":{"name":"(anonymous_2)","decl":{"start":{"line":27,"column":27},"end":{"line":27,"column":28}},"loc":{"start":{"line":27,"column":45},"end":{"line":31,"column":3}}},"2":{"name":"(anonymous_3)","decl":{"start":{"line":33,"column":23},"end":{"line":33,"column":24}},"loc":{"start":{"line":33,"column":41},"end":{"line":37,"column":3}}},"3":{"name":"(anonymous_4)","decl":{"start":{"line":39,"column":33},"end":{"line":39,"column":null}},"loc":{"start":{"line":41,"column":12},"end":{"line":44,"column":3}}},"4":{"name":"(anonymous_5)","decl":{"start":{"line":46,"column":29},"end":{"line":46,"column":null}},"loc":{"start":{"line":48,"column":12},"end":{"line":51,"column":3}}},"5":{"name":"(anonymous_6)","decl":{"start":{"line":53,"column":26},"end":{"line":53,"column":null}},"loc":{"start":{"line":55,"column":12},"end":{"line":58,"column":3}}},"6":{"name":"(anonymous_7)","decl":{"start":{"line":59,"column":30},"end":{"line":59,"column":31}},"loc":{"start":{"line":59,"column":48},"end":{"line":71,"column":3}}},"7":{"name":"(anonymous_8)","decl":{"start":{"line":66,"column":17},"end":{"line":66,"column":20}},"loc":{"start":{"line":66,"column":22},"end":{"line":69,"column":7}}},"8":{"name":"(anonymous_9)","decl":{"start":{"line":93,"column":22},"end":{"line":93,"column":23}},"loc":{"start":{"line":93,"column":29},"end":{"line":93,"column":62}}},"9":{"name":"(anonymous_10)","decl":{"start":{"line":102,"column":22},"end":{"line":102,"column":23}},"loc":{"start":{"line":102,"column":29},"end":{"line":102,"column":54}}},"10":{"name":"(anonymous_11)","decl":{"start":{"line":111,"column":24},"end":{"line":111,"column":25}},"loc":{"start":{"line":111,"column":31},"end":{"line":111,"column":52}}},"11":{"name":"(anonymous_12)","decl":{"start":{"line":120,"column":24},"end":{"line":120,"column":25}},"loc":{"start":{"line":120,"column":31},"end":{"line":120,"column":49}}},"12":{"name":"(anonymous_13)","decl":{"start":{"line":127,"column":25},"end":{"line":127,"column":26}},"loc":{"start":{"line":127,"column":32},"end":{"line":127,"column":54}}}},"branchMap":{"0":{"loc":{"start":{"line":30,"column":11},"end":{"line":30,"column":65}},"type":"cond-expr","locations":[{"start":{"line":30,"column":32},"end":{"line":30,"column":60}},{"start":{"line":30,"column":63},"end":{"line":30,"column":65}}]},"1":{"loc":{"start":{"line":36,"column":11},"end":{"line":36,"column":57}},"type":"cond-expr","locations":[{"start":{"line":36,"column":28},"end":{"line":36,"column":52}},{"start":{"line":36,"column":55},"end":{"line":36,"column":57}}]},"2":{"loc":{"start":{"line":61,"column":4},"end":{"line":63,"column":5}},"type":"if","locations":[{"start":{"line":61,"column":4},"end":{"line":63,"column":5}}]},"3":{"loc":{"start":{"line":61,"column":8},"end":{"line":61,"column":57}},"type":"binary-expr","locations":[{"start":{"line":61,"column":8},"end":{"line":61,"column":23}},{"start":{"line":61,"column":27},"end":{"line":61,"column":38}},{"start":{"line":61,"column":42},"end":{"line":61,"column":46}},{"start":{"line":61,"column":50},"end":{"line":61,"column":57}}]},"4":{"loc":{"start":{"line":64,"column":4},"end":{"line":70,"column":5}},"type":"if","locations":[{"start":{"line":64,"column":4},"end":{"line":70,"column":5}}]},"5":{"loc":{"start":{"line":64,"column":8},"end":{"line":64,"column":53}},"type":"binary-expr","locations":[{"start":{"line":64,"column":8},"end":{"line":64,"column":22}},{"start":{"line":64,"column":26},"end":{"line":64,"column":36}},{"start":{"line":64,"column":40},"end":{"line":64,"column":43}},{"start":{"line":64,"column":47},"end":{"line":64,"column":53}}]},"6":{"loc":{"start":{"line":72,"column":2},"end":{"line":82,"column":3}},"type":"if","locations":[{"start":{"line":72,"column":2},"end":{"line":82,"column":3}}]}},"s":{"0":1,"1":1,"2":1,"3":1,"4":1,"5":1,"6":8,"7":8,"8":8,"9":8,"10":8,"11":8,"12":8,"13":8,"14":8,"15":1,"16":1,"17":1,"18":8,"19":1,"20":1,"21":1,"22":8,"23":1,"24":1,"25":8,"26":1,"27":1,"28":8,"29":1,"30":1,"31":8,"32":1,"33":1,"34":0,"35":1,"36":1,"37":1,"38":1,"39":1,"40":8,"41":1,"42":7,"43":1,"44":1,"45":1,"46":1,"47":1,"48":1},"f":{"0":8,"1":1,"2":1,"3":1,"4":1,"5":1,"6":1,"7":1,"8":1,"9":1,"10":1,"11":1,"12":1},"b":{"0":[1,0],"1":[1,0],"2":[0],"3":[1,1,1,1],"4":[1],"5":[1,1,1,1],"6":[1]}}
,"/home/tobi/react-apps/store-app-react/src/Pages/Payment/styled.ts": {"path":"/home/tobi/react-apps/store-app-react/src/Pages/Payment/styled.ts","statementMap":{"0":{"start":{"line":1,"column":0},"end":{"line":1,"column":39}},"1":{"start":{"line":3,"column":13},"end":{"line":10,"column":2}},"2":{"start":{"line":12,"column":13},"end":{"line":19,"column":2}},"3":{"start":{"line":21,"column":13},"end":{"line":28,"column":2}},"4":{"start":{"line":30,"column":13},"end":{"line":34,"column":2}},"5":{"start":{"line":36,"column":13},"end":{"line":38,"column":2}},"6":{"start":{"line":40,"column":13},"end":{"line":54,"column":2}},"7":{"start":{"line":56,"column":13},"end":{"line":59,"column":2}},"8":{"start":{"line":61,"column":13},"end":{"line":84,"column":2}},"9":{"start":{"line":86,"column":13},"end":{"line":89,"column":2}}},"fnMap":{},"branchMap":{},"s":{"0":1,"1":1,"2":1,"3":1,"4":1,"5":1,"6":1,"7":1,"8":1,"9":1},"f":{},"b":{}}
,"/home/tobi/react-apps/store-app-react/src/Pages/ProductCard/ProductCard.tsx": {"path":"/home/tobi/react-apps/store-app-react/src/Pages/ProductCard/ProductCard.tsx","statementMap":{"0":{"start":{"line":1,"column":0},"end":{"line":1,"column":52}},"1":{"start":{"line":2,"column":0},"end":{"line":2,"column":52}},"2":{"start":{"line":3,"column":0},"end":{"line":3,"column":48}},"3":{"start":{"line":4,"column":0},"end":{"line":4,"column":42}},"4":{"start":{"line":5,"column":0},"end":{"line":5,"column":50}},"5":{"start":{"line":6,"column":0},"end":{"line":6,"column":42}},"6":{"start":{"line":7,"column":0},"end":{"line":7,"column":53}},"7":{"start":{"line":8,"column":0},"end":{"line":8,"column":53}},"8":{"start":{"line":10,"column":0},"end":{"line":10,"column":42}},"9":{"start":{"line":12,"column":0},"end":{"line":12,"column":53}},"10":{"start":{"line":13,"column":0},"end":{"line":13,"column":45}},"11":{"start":{"line":14,"column":0},"end":{"line":14,"column":56}},"12":{"start":{"line":16,"column":20},"end":{"line":78,"column":1}},"13":{"start":{"line":24,"column":19},"end":{"line":24,"column":45}},"14":{"start":{"line":25,"column":32},"end":{"line":25,"column":52}},"15":{"start":{"line":26,"column":19},"end":{"line":26,"column":32}},"16":{"start":{"line":28,"column":14},"end":{"line":32,"column":3}},"17":{"start":{"line":29,"column":4},"end":{"line":29,"column":23}},"18":{"start":{"line":30,"column":4},"end":{"line":30,"column":34}},"19":{"start":{"line":31,"column":4},"end":{"line":31,"column":30}},"20":{"start":{"line":33,"column":14},"end":{"line":36,"column":3}},"21":{"start":{"line":34,"column":4},"end":{"line":34,"column":23}},"22":{"start":{"line":35,"column":4},"end":{"line":35,"column":30}},"23":{"start":{"line":38,"column":2},"end":{"line":77,"column":4}},"24":{"start":{"line":62,"column":14},"end":{"line":62,"column":21}},"25":{"start":{"line":70,"column":28},"end":{"line":70,"column":41}},"26":{"start":{"line":80,"column":0},"end":{"line":80,"column":27}}},"fnMap":{"0":{"name":"(anonymous_1)","decl":{"start":{"line":16,"column":20},"end":{"line":16,"column":21}},"loc":{"start":{"line":23,"column":27},"end":{"line":78,"column":1}}},"1":{"name":"(anonymous_2)","decl":{"start":{"line":28,"column":14},"end":{"line":28,"column":15}},"loc":{"start":{"line":28,"column":32},"end":{"line":32,"column":3}}},"2":{"name":"(anonymous_3)","decl":{"start":{"line":33,"column":14},"end":{"line":33,"column":15}},"loc":{"start":{"line":33,"column":47},"end":{"line":36,"column":3}}},"3":{"name":"(anonymous_4)","decl":{"start":{"line":61,"column":21},"end":{"line":61,"column":22}},"loc":{"start":{"line":61,"column":27},"end":{"line":63,"column":13}}},"4":{"name":"(anonymous_5)","decl":{"start":{"line":70,"column":21},"end":{"line":70,"column":22}},"loc":{"start":{"line":70,"column":28},"end":{"line":70,"column":41}}}},"branchMap":{},"s":{"0":2,"1":2,"2":2,"3":2,"4":2,"5":2,"6":2,"7":2,"8":2,"9":2,"10":2,"11":2,"12":2,"13":5,"14":5,"15":5,"16":5,"17":1,"18":1,"19":1,"20":5,"21":1,"22":1,"23":5,"24":1,"25":1,"26":2},"f":{"0":5,"1":1,"2":1,"3":1,"4":1},"b":{}}
,"/home/tobi/react-apps/store-app-react/src/Pages/ProductCard/styled.ts": {"path":"/home/tobi/react-apps/store-app-react/src/Pages/ProductCard/styled.ts","statementMap":{"0":{"start":{"line":1,"column":0},"end":{"line":1,"column":45}},"1":{"start":{"line":3,"column":13},"end":{"line":14,"column":2}}},"fnMap":{},"branchMap":{},"s":{"0":2,"1":2},"f":{},"b":{}}
,"/home/tobi/react-apps/store-app-react/src/Pages/ProductList/ProductList.tsx": {"path":"/home/tobi/react-apps/store-app-react/src/Pages/ProductList/ProductList.tsx","statementMap":{"0":{"start":{"line":1,"column":0},"end":{"line":1,"column":37}},"1":{"start":{"line":2,"column":0},"end":{"line":2,"column":34}},"2":{"start":{"line":3,"column":0},"end":{"line":3,"column":53}},"3":{"start":{"line":4,"column":0},"end":{"line":4,"column":45}},"4":{"start":{"line":5,"column":0},"end":{"line":5,"column":57}},"5":{"start":{"line":6,"column":0},"end":{"line":6,"column":55}},"6":{"start":{"line":8,"column":0},"end":{"line":8,"column":58}},"7":{"start":{"line":12,"column":20},"end":{"line":49,"column":1}},"8":{"start":{"line":13,"column":31},"end":{"line":14,"column":null}},"9":{"start":{"line":14,"column":26},"end":{"line":14,"column":40}},"10":{"start":{"line":16,"column":16},"end":{"line":16,"column":27}},"11":{"start":{"line":17,"column":23},"end":{"line":17,"column":28}},"12":{"start":{"line":18,"column":18},"end":{"line":18,"column":44}},"13":{"start":{"line":20,"column":2},"end":{"line":30,"column":26}},"14":{"start":{"line":21,"column":22},"end":{"line":27,"column":5}},"15":{"start":{"line":22,"column":6},"end":{"line":26,"column":7}},"16":{"start":{"line":23,"column":8},"end":{"line":23,"column":72}},"17":{"start":{"line":25,"column":8},"end":{"line":25,"column":57}},"18":{"start":{"line":29,"column":4},"end":{"line":29,"column":16}},"19":{"start":{"line":32,"column":2},"end":{"line":34,"column":3}},"20":{"start":{"line":33,"column":4},"end":{"line":33,"column":31}},"21":{"start":{"line":36,"column":2},"end":{"line":48,"column":4}},"22":{"start":{"line":43,"column":8},"end":{"line":43,"column":null}},"23":{"start":{"line":51,"column":0},"end":{"line":51,"column":27}}},"fnMap":{"0":{"name":"(anonymous_1)","decl":{"start":{"line":12,"column":20},"end":{"line":12,"column":36}},"loc":{"start":{"line":12,"column":38},"end":{"line":49,"column":1}}},"1":{"name":"(anonymous_2)","decl":{"start":{"line":14,"column":4},"end":{"line":14,"column":5}},"loc":{"start":{"line":14,"column":26},"end":{"line":14,"column":40}}},"2":{"name":"(anonymous_3)","decl":{"start":{"line":20,"column":12},"end":{"line":20,"column":15}},"loc":{"start":{"line":20,"column":17},"end":{"line":30,"column":3}}},"3":{"name":"(anonymous_4)","decl":{"start":{"line":21,"column":22},"end":{"line":21,"column":27}},"loc":{"start":{"line":21,"column":33},"end":{"line":27,"column":5}}},"4":{"name":"(anonymous_5)","decl":{"start":{"line":42,"column":17},"end":{"line":42,"column":18}},"loc":{"start":{"line":43,"column":8},"end":{"line":43,"column":null}}}},"branchMap":{"0":{"loc":{"start":{"line":32,"column":2},"end":{"line":34,"column":3}},"type":"if","locations":[{"start":{"line":32,"column":2},"end":{"line":34,"column":3}}]}},"s":{"0":1,"1":1,"2":1,"3":1,"4":1,"5":1,"6":1,"7":1,"8":2,"9":2,"10":1,"11":1,"12":1,"13":1,"14":1,"15":1,"16":1,"17":1,"18":1,"19":1,"20":0,"21":1,"22":1,"23":1},"f":{"0":2,"1":2,"2":1,"3":1,"4":1},"b":{"0":[0]}}
,"/home/tobi/react-apps/store-app-react/src/Pages/ProductPage/ProductPage.tsx": {"path":"/home/tobi/react-apps/store-app-react/src/Pages/ProductPage/ProductPage.tsx","statementMap":{"0":{"start":{"line":1,"column":0},"end":{"line":1,"column":58}},"1":{"start":{"line":2,"column":0},"end":{"line":2,"column":null}},"2":{"start":{"line":13,"column":0},"end":{"line":13,"column":39}},"3":{"start":{"line":14,"column":0},"end":{"line":14,"column":52}},"4":{"start":{"line":15,"column":0},"end":{"line":15,"column":56}},"5":{"start":{"line":17,"column":0},"end":{"line":17,"column":42}},"6":{"start":{"line":19,"column":0},"end":{"line":19,"column":53}},"7":{"start":{"line":20,"column":0},"end":{"line":20,"column":63}},"8":{"start":{"line":21,"column":0},"end":{"line":21,"column":56}},"9":{"start":{"line":23,"column":20},"end":{"line":117,"column":1}},"10":{"start":{"line":24,"column":32},"end":{"line":24,"column":62}},"11":{"start":{"line":25,"column":28},"end":{"line":25,"column":60}},"12":{"start":{"line":26,"column":36},"end":{"line":26,"column":60}},"13":{"start":{"line":27,"column":32},"end":{"line":27,"column":52}},"14":{"start":{"line":28,"column":19},"end":{"line":28,"column":32}},"15":{"start":{"line":29,"column":16},"end":{"line":29,"column":27}},"16":{"start":{"line":30,"column":19},"end":{"line":30,"column":45}},"17":{"start":{"line":32,"column":14},"end":{"line":37,"column":3}},"18":{"start":{"line":33,"column":4},"end":{"line":36,"column":5}},"19":{"start":{"line":34,"column":6},"end":{"line":34,"column":36}},"20":{"start":{"line":35,"column":6},"end":{"line":35,"column":32}},"21":{"start":{"line":38,"column":2},"end":{"line":55,"column":14}},"22":{"start":{"line":39,"column":22},"end":{"line":52,"column":5}},"23":{"start":{"line":40,"column":6},"end":{"line":51,"column":7}},"24":{"start":{"line":41,"column":8},"end":{"line":41,"column":27}},"25":{"start":{"line":42,"column":20},"end":{"line":42,"column":64}},"26":{"start":{"line":43,"column":25},"end":{"line":43,"column":41}},"27":{"start":{"line":44,"column":21},"end":{"line":44,"column":42}},"28":{"start":{"line":45,"column":8},"end":{"line":45,"column":25}},"29":{"start":{"line":46,"column":8},"end":{"line":46,"column":31}},"30":{"start":{"line":48,"column":8},"end":{"line":48,"column":53}},"31":{"start":{"line":50,"column":8},"end":{"line":50,"column":28}},"32":{"start":{"line":54,"column":4},"end":{"line":54,"column":16}},"33":{"start":{"line":57,"column":14},"end":{"line":60,"column":3}},"34":{"start":{"line":58,"column":4},"end":{"line":58,"column":23}},"35":{"start":{"line":59,"column":4},"end":{"line":59,"column":30}},"36":{"start":{"line":61,"column":2},"end":{"line":63,"column":3}},"37":{"start":{"line":62,"column":4},"end":{"line":62,"column":34}},"38":{"start":{"line":65,"column":2},"end":{"line":116,"column":4}},"39":{"start":{"line":91,"column":29},"end":{"line":91,"column":45}},"40":{"start":{"line":98,"column":30},"end":{"line":98,"column":52}},"41":{"start":{"line":107,"column":12},"end":{"line":110,"column":null}},"42":{"start":{"line":108,"column":29},"end":{"line":108,"column":39}},"43":{"start":{"line":119,"column":0},"end":{"line":119,"column":27}}},"fnMap":{"0":{"name":"(anonymous_1)","decl":{"start":{"line":23,"column":20},"end":{"line":23,"column":36}},"loc":{"start":{"line":23,"column":38},"end":{"line":117,"column":1}}},"1":{"name":"(anonymous_2)","decl":{"start":{"line":32,"column":14},"end":{"line":32,"column":15}},"loc":{"start":{"line":32,"column":41},"end":{"line":37,"column":3}}},"2":{"name":"(anonymous_3)","decl":{"start":{"line":38,"column":12},"end":{"line":38,"column":15}},"loc":{"start":{"line":38,"column":17},"end":{"line":55,"column":3}}},"3":{"name":"(anonymous_4)","decl":{"start":{"line":39,"column":22},"end":{"line":39,"column":27}},"loc":{"start":{"line":39,"column":33},"end":{"line":52,"column":5}}},"4":{"name":"(anonymous_5)","decl":{"start":{"line":57,"column":14},"end":{"line":57,"column":15}},"loc":{"start":{"line":57,"column":59},"end":{"line":60,"column":3}}},"5":{"name":"(anonymous_6)","decl":{"start":{"line":91,"column":23},"end":{"line":91,"column":26}},"loc":{"start":{"line":91,"column":29},"end":{"line":91,"column":45}}},"6":{"name":"(anonymous_7)","decl":{"start":{"line":98,"column":23},"end":{"line":98,"column":24}},"loc":{"start":{"line":98,"column":30},"end":{"line":98,"column":52}}},"7":{"name":"(anonymous_8)","decl":{"start":{"line":106,"column":31},"end":{"line":106,"column":32}},"loc":{"start":{"line":107,"column":12},"end":{"line":110,"column":null}}},"8":{"name":"(anonymous_9)","decl":{"start":{"line":108,"column":23},"end":{"line":108,"column":26}},"loc":{"start":{"line":108,"column":29},"end":{"line":108,"column":39}}}},"branchMap":{"0":{"loc":{"start":{"line":33,"column":4},"end":{"line":36,"column":5}},"type":"if","locations":[{"start":{"line":33,"column":4},"end":{"line":36,"column":5}}]},"1":{"loc":{"start":{"line":61,"column":2},"end":{"line":63,"column":3}},"type":"if","locations":[{"start":{"line":61,"column":2},"end":{"line":63,"column":3}}]},"2":{"loc":{"start":{"line":81,"column":26},"end":{"line":81,"column":49}},"type":"binary-expr","locations":[{"start":{"line":81,"column":26},"end":{"line":81,"column":41}},{"start":{"line":81,"column":45},"end":{"line":81,"column":49}}]}},"s":{"0":0,"1":0,"2":0,"3":0,"4":0,"5":0,"6":0,"7":0,"8":0,"9":0,"10":0,"11":0,"12":0,"13":0,"14":0,"15":0,"16":0,"17":0,"18":0,"19":0,"20":0,"21":0,"22":0,"23":0,"24":0,"25":0,"26":0,"27":0,"28":0,"29":0,"30":0,"31":0,"32":0,"33":0,"34":0,"35":0,"36":0,"37":0,"38":0,"39":0,"40":0,"41":0,"42":0,"43":0},"f":{"0":0,"1":0,"2":0,"3":0,"4":0,"5":0,"6":0,"7":0,"8":0},"b":{"0":[0],"1":[0],"2":[0,0]}}
,"/home/tobi/react-apps/store-app-react/src/Pages/ProductPage/styled.ts": {"path":"/home/tobi/react-apps/store-app-react/src/Pages/ProductPage/styled.ts","statementMap":{"0":{"start":{"line":1,"column":0},"end":{"line":1,"column":39}},"1":{"start":{"line":3,"column":13},"end":{"line":11,"column":2}},"2":{"start":{"line":13,"column":13},"end":{"line":16,"column":2}},"3":{"start":{"line":18,"column":13},"end":{"line":20,"column":2}},"4":{"start":{"line":22,"column":13},"end":{"line":25,"column":2}},"5":{"start":{"line":27,"column":13},"end":{"line":29,"column":2}},"6":{"start":{"line":31,"column":13},"end":{"line":33,"column":2}},"7":{"start":{"line":35,"column":13},"end":{"line":40,"column":2}},"8":{"start":{"line":42,"column":13},"end":{"line":47,"column":2}},"9":{"start":{"line":49,"column":13},"end":{"line":54,"column":2}}},"fnMap":{},"branchMap":{},"s":{"0":0,"1":0,"2":0,"3":0,"4":0,"5":0,"6":0,"7":0,"8":0,"9":0},"f":{},"b":{}}
,"/home/tobi/react-apps/store-app-react/src/Pages/SideBar/Sidebar.tsx": {"path":"/home/tobi/react-apps/store-app-react/src/Pages/SideBar/Sidebar.tsx","statementMap":{"0":{"start":{"line":1,"column":0},"end":{"line":1,"column":44}},"1":{"start":{"line":2,"column":0},"end":{"line":2,"column":null}},"2":{"start":{"line":9,"column":0},"end":{"line":9,"column":26}},"3":{"start":{"line":11,"column":16},"end":{"line":43,"column":1}},"4":{"start":{"line":12,"column":38},"end":{"line":12,"column":60}},"5":{"start":{"line":13,"column":2},"end":{"line":27,"column":9}},"6":{"start":{"line":14,"column":22},"end":{"line":24,"column":5}},"7":{"start":{"line":15,"column":6},"end":{"line":23,"column":7}},"8":{"start":{"line":16,"column":25},"end":{"line":17,"column":null}},"9":{"start":{"line":19,"column":21},"end":{"line":19,"column":34}},"10":{"start":{"line":20,"column":8},"end":{"line":20,"column":28}},"11":{"start":{"line":22,"column":8},"end":{"line":22,"column":53}},"12":{"start":{"line":26,"column":4},"end":{"line":26,"column":16}},"13":{"start":{"line":29,"column":2},"end":{"line":42,"column":4}},"14":{"start":{"line":33,"column":10},"end":{"line":33,"column":null}},"15":{"start":{"line":45,"column":0},"end":{"line":45,"column":23}}},"fnMap":{"0":{"name":"(anonymous_1)","decl":{"start":{"line":11,"column":16},"end":{"line":11,"column":19}},"loc":{"start":{"line":11,"column":21},"end":{"line":43,"column":1}}},"1":{"name":"(anonymous_2)","decl":{"start":{"line":13,"column":12},"end":{"line":13,"column":15}},"loc":{"start":{"line":13,"column":17},"end":{"line":27,"column":3}}},"2":{"name":"(anonymous_3)","decl":{"start":{"line":14,"column":22},"end":{"line":14,"column":27}},"loc":{"start":{"line":14,"column":33},"end":{"line":24,"column":5}}},"3":{"name":"(anonymous_4)","decl":{"start":{"line":32,"column":24},"end":{"line":32,"column":25}},"loc":{"start":{"line":33,"column":10},"end":{"line":33,"column":null}}}},"branchMap":{},"s":{"0":0,"1":0,"2":0,"3":0,"4":0,"5":0,"6":0,"7":0,"8":0,"9":0,"10":0,"11":0,"12":0,"13":0,"14":0,"15":0},"f":{"0":0,"1":0,"2":0,"3":0},"b":{}}
,"/home/tobi/react-apps/store-app-react/src/Pages/SideBar/styled.ts": {"path":"/home/tobi/react-apps/store-app-react/src/Pages/SideBar/styled.ts","statementMap":{"0":{"start":{"line":1,"column":0},"end":{"line":1,"column":43}},"1":{"start":{"line":2,"column":0},"end":{"line":2,"column":39}},"2":{"start":{"line":4,"column":13},"end":{"line":19,"column":2}},"3":{"start":{"line":20,"column":13},"end":{"line":24,"column":2}},"4":{"start":{"line":26,"column":13},"end":{"line":30,"column":2}},"5":{"start":{"line":32,"column":13},"end":{"line":44,"column":2}},"6":{"start":{"line":46,"column":13},"end":{"line":50,"column":2}}},"fnMap":{},"branchMap":{},"s":{"0":0,"1":0,"2":0,"3":0,"4":0,"5":0,"6":0},"f":{},"b":{}}
,"/home/tobi/react-apps/store-app-react/src/Pages/SuccesPage/SuccessPage.tsx": {"path":"/home/tobi/react-apps/store-app-react/src/Pages/SuccesPage/SuccessPage.tsx","statementMap":{"0":{"start":{"line":1,"column":0},"end":{"line":1,"column":null}},"1":{"start":{"line":8,"column":20},"end":{"line":19,"column":1}},"2":{"start":{"line":9,"column":2},"end":{"line":18,"column":4}},"3":{"start":{"line":21,"column":0},"end":{"line":21,"column":27}}},"fnMap":{"0":{"name":"(anonymous_0)","decl":{"start":{"line":8,"column":20},"end":{"line":8,"column":36}},"loc":{"start":{"line":8,"column":38},"end":{"line":19,"column":1}}}},"branchMap":{},"s":{"0":0,"1":0,"2":0,"3":0},"f":{"0":0},"b":{}}
,"/home/tobi/react-apps/store-app-react/src/Pages/SuccesPage/styled.ts": {"path":"/home/tobi/react-apps/store-app-react/src/Pages/SuccesPage/styled.ts","statementMap":{"0":{"start":{"line":1,"column":0},"end":{"line":1,"column":40}},"1":{"start":{"line":2,"column":0},"end":{"line":2,"column":39}},"2":{"start":{"line":4,"column":13},"end":{"line":11,"column":2}},"3":{"start":{"line":13,"column":13},"end":{"line":17,"column":2}},"4":{"start":{"line":19,"column":13},"end":{"line":24,"column":2}},"5":{"start":{"line":26,"column":13},"end":{"line":30,"column":2}}},"fnMap":{},"branchMap":{},"s":{"0":0,"1":0,"2":0,"3":0,"4":0,"5":0},"f":{},"b":{}}
,"/home/tobi/react-apps/store-app-react/src/components/Alert/AlertActions.tsx": {"path":"/home/tobi/react-apps/store-app-react/src/components/Alert/AlertActions.tsx","statementMap":{"0":{"start":{"line":1,"column":0},"end":{"line":1,"column":41}},"1":{"start":{"line":2,"column":0},"end":{"line":2,"column":63}},"2":{"start":{"line":3,"column":0},"end":{"line":3,"column":47}},"3":{"start":{"line":10,"column":36},"end":{"line":42,"column":1}},"4":{"start":{"line":11,"column":2},"end":{"line":25,"column":27}},"5":{"start":{"line":12,"column":4},"end":{"line":19,"column":5}},"6":{"start":{"line":17,"column":6},"end":{"line":17,"column":28}},"7":{"start":{"line":18,"column":6},"end":{"line":18,"column":19}},"8":{"start":{"line":21,"column":4},"end":{"line":24,"column":5}},"9":{"start":{"line":22,"column":6},"end":{"line":22,"column":30}},"10":{"start":{"line":23,"column":6},"end":{"line":23,"column":19}},"11":{"start":{"line":27,"column":2},"end":{"line":41,"column":4}},"12":{"start":{"line":44,"column":0},"end":{"line":44,"column":21}}},"fnMap":{"0":{"name":"(anonymous_0)","decl":{"start":{"line":10,"column":36},"end":{"line":10,"column":37}},"loc":{"start":{"line":10,"column":63},"end":{"line":42,"column":1}}},"1":{"name":"(anonymous_1)","decl":{"start":{"line":11,"column":12},"end":{"line":11,"column":15}},"loc":{"start":{"line":11,"column":17},"end":{"line":25,"column":3}}}},"branchMap":{"0":{"loc":{"start":{"line":12,"column":4},"end":{"line":19,"column":5}},"type":"if","locations":[{"start":{"line":12,"column":4},"end":{"line":19,"column":5}}]},"1":{"loc":{"start":{"line":13,"column":6},"end":{"line":15,"column":30}},"type":"binary-expr","locations":[{"start":{"line":13,"column":7},"end":{"line":13,"column":33}},{"start":{"line":13,"column":37},"end":{"line":13,"column":45}},{"start":{"line":14,"column":6},"end":{"line":14,"column":33}},{"start":{"line":15,"column":6},"end":{"line":15,"column":30}}]},"2":{"loc":{"start":{"line":21,"column":4},"end":{"line":24,"column":5}},"type":"if","locations":[{"start":{"line":21,"column":4},"end":{"line":24,"column":5}}]}},"s":{"0":3,"1":3,"2":3,"3":3,"4":12,"5":8,"6":0,"7":0,"8":8,"9":0,"10":0,"11":12,"12":3},"f":{"0":12,"1":8},"b":{"0":[0],"1":[8,0,8,8],"2":[0]}}
,"/home/tobi/react-apps/store-app-react/src/components/AutoInput/AutoInput.tsx": {"path":"/home/tobi/react-apps/store-app-react/src/components/AutoInput/AutoInput.tsx","statementMap":{"0":{"start":{"line":1,"column":0},"end":{"line":1,"column":42}},"1":{"start":{"line":2,"column":0},"end":{"line":2,"column":44}},"2":{"start":{"line":3,"column":0},"end":{"line":3,"column":47}},"3":{"start":{"line":4,"column":0},"end":{"line":4,"column":52}},"4":{"start":{"line":5,"column":0},"end":{"line":5,"column":55}},"5":{"start":{"line":6,"column":0},"end":{"line":6,"column":76}},"6":{"start":{"line":9,"column":18},"end":{"line":49,"column":1}},"7":{"start":{"line":10,"column":19},"end":{"line":10,"column":43}},"8":{"start":{"line":11,"column":28},"end":{"line":11,"column":55}},"9":{"start":{"line":12,"column":19},"end":{"line":12,"column":45}},"10":{"start":{"line":13,"column":19},"end":{"line":13,"column":32}},"11":{"start":{"line":14,"column":2},"end":{"line":19,"column":17}},"12":{"start":{"line":15,"column":22},"end":{"line":17,"column":5}},"13":{"start":{"line":16,"column":6},"end":{"line":16,"column":38}},"14":{"start":{"line":18,"column":4},"end":{"line":18,"column":16}},"15":{"start":{"line":21,"column":23},"end":{"line":27,"column":3}},"16":{"start":{"line":22,"column":4},"end":{"line":26,"column":5}},"17":{"start":{"line":23,"column":22},"end":{"line":23,"column":61}},"18":{"start":{"line":23,"column":43},"end":{"line":23,"column":60}},"19":{"start":{"line":24,"column":6},"end":{"line":24,"column":42}},"20":{"start":{"line":25,"column":6},"end":{"line":25,"column":19}},"21":{"start":{"line":28,"column":16},"end":{"line":28,"column":46}},"22":{"start":{"line":28,"column":37},"end":{"line":28,"column":45}},"23":{"start":{"line":30,"column":2},"end":{"line":48,"column":4}},"24":{"start":{"line":36,"column":10},"end":{"line":36,"column":26}},"25":{"start":{"line":43,"column":10},"end":{"line":43,"column":58}},"26":{"start":{"line":51,"column":0},"end":{"line":51,"column":25}}},"fnMap":{"0":{"name":"(anonymous_0)","decl":{"start":{"line":9,"column":18},"end":{"line":9,"column":21}},"loc":{"start":{"line":9,"column":23},"end":{"line":49,"column":1}}},"1":{"name":"(anonymous_1)","decl":{"start":{"line":14,"column":12},"end":{"line":14,"column":15}},"loc":{"start":{"line":14,"column":17},"end":{"line":19,"column":3}}},"2":{"name":"(anonymous_2)","decl":{"start":{"line":15,"column":22},"end":{"line":15,"column":27}},"loc":{"start":{"line":15,"column":33},"end":{"line":17,"column":5}}},"3":{"name":"(anonymous_3)","decl":{"start":{"line":21,"column":23},"end":{"line":21,"column":26}},"loc":{"start":{"line":21,"column":28},"end":{"line":27,"column":3}}},"4":{"name":"(anonymous_4)","decl":{"start":{"line":23,"column":36},"end":{"line":23,"column":37}},"loc":{"start":{"line":23,"column":43},"end":{"line":23,"column":60}}},"5":{"name":"(anonymous_5)","decl":{"start":{"line":28,"column":29},"end":{"line":28,"column":30}},"loc":{"start":{"line":28,"column":37},"end":{"line":28,"column":45}}},"6":{"name":"(anonymous_6)","decl":{"start":{"line":35,"column":18},"end":{"line":35,"column":19}},"loc":{"start":{"line":35,"column":73},"end":{"line":37,"column":9}}},"7":{"name":"(anonymous_7)","decl":{"start":{"line":42,"column":21},"end":{"line":42,"column":22}},"loc":{"start":{"line":43,"column":10},"end":{"line":43,"column":58}}}},"branchMap":{"0":{"loc":{"start":{"line":22,"column":4},"end":{"line":26,"column":5}},"type":"if","locations":[{"start":{"line":22,"column":4},"end":{"line":26,"column":5}}]}},"s":{"0":0,"1":0,"2":0,"3":0,"4":0,"5":0,"6":0,"7":0,"8":0,"9":0,"10":0,"11":0,"12":0,"13":0,"14":0,"15":0,"16":0,"17":0,"18":0,"19":0,"20":0,"21":0,"22":0,"23":0,"24":0,"25":0,"26":0},"f":{"0":0,"1":0,"2":0,"3":0,"4":0,"5":0,"6":0,"7":0},"b":{"0":[0]}}
,"/home/tobi/react-apps/store-app-react/src/components/AutoInput/styled.ts": {"path":"/home/tobi/react-apps/store-app-react/src/components/AutoInput/styled.ts","statementMap":{"0":{"start":{"line":1,"column":0},"end":{"line":1,"column":61}},"1":{"start":{"line":3,"column":13},"end":{"line":22,"column":2}},"2":{"start":{"line":23,"column":13},"end":{"line":28,"column":2}}},"fnMap":{},"branchMap":{},"s":{"0":0,"1":0,"2":0},"f":{},"b":{}}
,"/home/tobi/react-apps/store-app-react/src/components/CartItem/CartItem.tsx": {"path":"/home/tobi/react-apps/store-app-react/src/components/CartItem/CartItem.tsx","statementMap":{"0":{"start":{"line":1,"column":0},"end":{"line":1,"column":66}},"1":{"start":{"line":2,"column":0},"end":{"line":2,"column":46}},"2":{"start":{"line":3,"column":0},"end":{"line":3,"column":52}},"3":{"start":{"line":4,"column":0},"end":{"line":4,"column":null}},"4":{"start":{"line":17,"column":0},"end":{"line":17,"column":53}},"5":{"start":{"line":18,"column":0},"end":{"line":18,"column":42}},"6":{"start":{"line":21,"column":17},"end":{"line":56,"column":1}},"7":{"start":{"line":22,"column":19},"end":{"line":22,"column":45}},"8":{"start":{"line":24,"column":19},"end":{"line":26,"column":3}},"9":{"start":{"line":25,"column":4},"end":{"line":25,"column":40}},"10":{"start":{"line":28,"column":19},"end":{"line":30,"column":3}},"11":{"start":{"line":29,"column":4},"end":{"line":29,"column":43}},"12":{"start":{"line":32,"column":17},"end":{"line":34,"column":3}},"13":{"start":{"line":33,"column":4},"end":{"line":33,"column":43}},"14":{"start":{"line":35,"column":2},"end":{"line":55,"column":4}},"15":{"start":{"line":58,"column":0},"end":{"line":58,"column":24}}},"fnMap":{"0":{"name":"(anonymous_1)","decl":{"start":{"line":21,"column":17},"end":{"line":21,"column":18}},"loc":{"start":{"line":21,"column":42},"end":{"line":56,"column":1}}},"1":{"name":"(anonymous_2)","decl":{"start":{"line":24,"column":19},"end":{"line":24,"column":22}},"loc":{"start":{"line":24,"column":24},"end":{"line":26,"column":3}}},"2":{"name":"(anonymous_3)","decl":{"start":{"line":28,"column":19},"end":{"line":28,"column":22}},"loc":{"start":{"line":28,"column":24},"end":{"line":30,"column":3}}},"3":{"name":"(anonymous_4)","decl":{"start":{"line":32,"column":17},"end":{"line":32,"column":20}},"loc":{"start":{"line":32,"column":22},"end":{"line":34,"column":3}}}},"branchMap":{},"s":{"0":0,"1":0,"2":0,"3":0,"4":0,"5":0,"6":0,"7":0,"8":0,"9":0,"10":0,"11":0,"12":0,"13":0,"14":0,"15":0},"f":{"0":0,"1":0,"2":0,"3":0},"b":{}}
,"/home/tobi/react-apps/store-app-react/src/components/CartItem/styled.ts": {"path":"/home/tobi/react-apps/store-app-react/src/components/CartItem/styled.ts","statementMap":{"0":{"start":{"line":1,"column":0},"end":{"line":1,"column":39}},"1":{"start":{"line":3,"column":13},"end":{"line":8,"column":2}},"2":{"start":{"line":10,"column":13},"end":{"line":16,"column":2}},"3":{"start":{"line":18,"column":13},"end":{"line":24,"column":2}},"4":{"start":{"line":26,"column":13},"end":{"line":30,"column":2}},"5":{"start":{"line":32,"column":13},"end":{"line":38,"column":2}},"6":{"start":{"line":40,"column":13},"end":{"line":47,"column":2}},"7":{"start":{"line":49,"column":13},"end":{"line":57,"column":2}},"8":{"start":{"line":59,"column":13},"end":{"line":62,"column":2}},"9":{"start":{"line":64,"column":13},"end":{"line":67,"column":2}},"10":{"start":{"line":69,"column":13},"end":{"line":72,"column":2}},"11":{"start":{"line":74,"column":13},"end":{"line":81,"column":2}},"12":{"start":{"line":83,"column":13},"end":{"line":86,"column":2}}},"fnMap":{},"branchMap":{},"s":{"0":0,"1":0,"2":0,"3":0,"4":0,"5":0,"6":0,"7":0,"8":0,"9":0,"10":0,"11":0,"12":0},"f":{},"b":{}}
,"/home/tobi/react-apps/store-app-react/src/components/Rating/Rating.tsx": {"path":"/home/tobi/react-apps/store-app-react/src/components/Rating/Rating.tsx","statementMap":{"0":{"start":{"line":1,"column":0},"end":{"line":1,"column":56}},"1":{"start":{"line":2,"column":0},"end":{"line":2,"column":26}},"2":{"start":{"line":7,"column":16},"end":{"line":26,"column":1}},"3":{"start":{"line":8,"column":28},"end":{"line":8,"column":65}},"4":{"start":{"line":10,"column":2},"end":{"line":25,"column":4}},"5":{"start":{"line":21,"column":10},"end":{"line":21,"column":30}},"6":{"start":{"line":28,"column":0},"end":{"line":28,"column":23}}},"fnMap":{"0":{"name":"(anonymous_1)","decl":{"start":{"line":7,"column":16},"end":{"line":7,"column":17}},"loc":{"start":{"line":7,"column":55},"end":{"line":26,"column":1}}},"1":{"name":"(anonymous_2)","decl":{"start":{"line":20,"column":18},"end":{"line":20,"column":19}},"loc":{"start":{"line":20,"column":31},"end":{"line":22,"column":9}}}},"branchMap":{},"s":{"0":2,"1":2,"2":2,"3":5,"4":5,"5":0,"6":2},"f":{"0":5,"1":0},"b":{}}
,"/home/tobi/react-apps/store-app-react/src/store/cart.slice.ts": {"path":"/home/tobi/react-apps/store-app-react/src/store/cart.slice.ts","statementMap":{"0":{"start":{"line":1,"column":0},"end":{"line":1,"column":38}},"1":{"start":{"line":2,"column":0},"end":{"line":2,"column":62}},"2":{"start":{"line":4,"column":13},"end":{"line":4,"column":37}},"3":{"start":{"line":14,"column":32},"end":{"line":16,"column":2}},"4":{"start":{"line":18,"column":13},"end":{"line":60,"column":3}},"5":{"start":{"line":23,"column":6},"end":{"line":23,"column":23}},"6":{"start":{"line":26,"column":6},"end":{"line":26,"column":71}},"7":{"start":{"line":26,"column":46},"end":{"line":26,"column":69}},"8":{"start":{"line":29,"column":22},"end":{"line":29,"column":70}},"9":{"start":{"line":29,"column":46},"end":{"line":29,"column":69}},"10":{"start":{"line":30,"column":6},"end":{"line":32,"column":7}},"11":{"start":{"line":31,"column":8},"end":{"line":31,"column":15}},"12":{"start":{"line":33,"column":6},"end":{"line":44,"column":7}},"13":{"start":{"line":34,"column":8},"end":{"line":36,"column":9}},"14":{"start":{"line":35,"column":10},"end":{"line":35,"column":75}},"15":{"start":{"line":35,"column":50},"end":{"line":35,"column":73}},"16":{"start":{"line":37,"column":8},"end":{"line":42,"column":11}},"17":{"start":{"line":38,"column":10},"end":{"line":40,"column":11}},"18":{"start":{"line":39,"column":12},"end":{"line":39,"column":25}},"19":{"start":{"line":41,"column":10},"end":{"line":41,"column":19}},"20":{"start":{"line":43,"column":8},"end":{"line":43,"column":15}},"21":{"start":{"line":47,"column":22},"end":{"line":47,"column":70}},"22":{"start":{"line":47,"column":46},"end":{"line":47,"column":69}},"23":{"start":{"line":48,"column":6},"end":{"line":51,"column":7}},"24":{"start":{"line":49,"column":8},"end":{"line":49,"column":59}},"25":{"start":{"line":50,"column":8},"end":{"line":50,"column":15}},"26":{"start":{"line":52,"column":6},"end":{"line":57,"column":9}},"27":{"start":{"line":53,"column":8},"end":{"line":55,"column":9}},"28":{"start":{"line":54,"column":10},"end":{"line":54,"column":23}},"29":{"start":{"line":56,"column":8},"end":{"line":56,"column":17}},"30":{"start":{"line":62,"column":0},"end":{"line":62,"column":33}},"31":{"start":{"line":63,"column":13},"end":{"line":63,"column":45}}},"fnMap":{"0":{"name":"(anonymous_0)","decl":{"start":{"line":22,"column":11},"end":{"line":22,"column":12}},"loc":{"start":{"line":22,"column":21},"end":{"line":24,"column":5}}},"1":{"name":"(anonymous_1)","decl":{"start":{"line":25,"column":12},"end":{"line":25,"column":13}},"loc":{"start":{"line":25,"column":53},"end":{"line":27,"column":5}}},"2":{"name":"(anonymous_2)","decl":{"start":{"line":26,"column":39},"end":{"line":26,"column":40}},"loc":{"start":{"line":26,"column":46},"end":{"line":26,"column":69}}},"3":{"name":"(anonymous_3)","decl":{"start":{"line":28,"column":12},"end":{"line":28,"column":13}},"loc":{"start":{"line":28,"column":53},"end":{"line":45,"column":5}}},"4":{"name":"(anonymous_4)","decl":{"start":{"line":29,"column":39},"end":{"line":29,"column":40}},"loc":{"start":{"line":29,"column":46},"end":{"line":29,"column":69}}},"5":{"name":"(anonymous_5)","decl":{"start":{"line":35,"column":43},"end":{"line":35,"column":44}},"loc":{"start":{"line":35,"column":50},"end":{"line":35,"column":73}}},"6":{"name":"(anonymous_6)","decl":{"start":{"line":37,"column":24},"end":{"line":37,"column":25}},"loc":{"start":{"line":37,"column":30},"end":{"line":42,"column":9}}},"7":{"name":"(anonymous_7)","decl":{"start":{"line":46,"column":9},"end":{"line":46,"column":10}},"loc":{"start":{"line":46,"column":50},"end":{"line":58,"column":5}}},"8":{"name":"(anonymous_8)","decl":{"start":{"line":47,"column":39},"end":{"line":47,"column":40}},"loc":{"start":{"line":47,"column":46},"end":{"line":47,"column":69}}},"9":{"name":"(anonymous_9)","decl":{"start":{"line":52,"column":22},"end":{"line":52,"column":23}},"loc":{"start":{"line":52,"column":28},"end":{"line":57,"column":7}}}},"branchMap":{"0":{"loc":{"start":{"line":14,"column":32},"end":{"line":16,"column":2}},"type":"binary-expr","locations":[{"start":{"line":14,"column":32},"end":{"line":14,"column":64}},{"start":{"line":14,"column":68},"end":{"line":16,"column":2}}]},"1":{"loc":{"start":{"line":30,"column":6},"end":{"line":32,"column":7}},"type":"if","locations":[{"start":{"line":30,"column":6},"end":{"line":32,"column":7}}]},"2":{"loc":{"start":{"line":33,"column":6},"end":{"line":44,"column":7}},"type":"if","locations":[{"start":{"line":33,"column":6},"end":{"line":44,"column":7}}]},"3":{"loc":{"start":{"line":34,"column":8},"end":{"line":36,"column":9}},"type":"if","locations":[{"start":{"line":34,"column":8},"end":{"line":36,"column":9}}]},"4":{"loc":{"start":{"line":38,"column":10},"end":{"line":40,"column":11}},"type":"if","locations":[{"start":{"line":38,"column":10},"end":{"line":40,"column":11}}]},"5":{"loc":{"start":{"line":48,"column":6},"end":{"line":51,"column":7}},"type":"if","locations":[{"start":{"line":48,"column":6},"end":{"line":51,"column":7}}]},"6":{"loc":{"start":{"line":53,"column":8},"end":{"line":55,"column":9}},"type":"if","locations":[{"start":{"line":53,"column":8},"end":{"line":55,"column":9}}]}},"s":{"0":2,"1":2,"2":2,"3":2,"4":2,"5":0,"6":0,"7":0,"8":0,"9":0,"10":0,"11":0,"12":0,"13":0,"14":0,"15":0,"16":0,"17":0,"18":0,"19":0,"20":0,"21":1,"22":0,"23":1,"24":1,"25":1,"26":0,"27":0,"28":0,"29":0,"30":2,"31":2},"f":{"0":0,"1":0,"2":0,"3":0,"4":0,"5":0,"6":0,"7":1,"8":0,"9":0},"b":{"0":[2,2],"1":[0],"2":[0],"3":[0],"4":[0],"5":[1],"6":[0]}}
,"/home/tobi/react-apps/store-app-react/src/store/product.slice.ts": {"path":"/home/tobi/react-apps/store-app-react/src/store/product.slice.ts","statementMap":{"0":{"start":{"line":1,"column":0},"end":{"line":1,"column":80}},"1":{"start":{"line":17,"column":13},"end":{"line":39,"column":3}},"2":{"start":{"line":24,"column":2},"end":{"line":38,"column":3}},"3":{"start":{"line":25,"column":32},"end":{"line":25,"column":38}},"4":{"start":{"line":26,"column":16},"end":{"line":28,"column":55}},"5":{"start":{"line":30,"column":21},"end":{"line":30,"column":37}},"6":{"start":{"line":31,"column":4},"end":{"line":33,"column":5}},"7":{"start":{"line":32,"column":6},"end":{"line":32,"column":50}},"8":{"start":{"line":34,"column":17},"end":{"line":34,"column":38}},"9":{"start":{"line":35,"column":4},"end":{"line":35,"column":25}},"10":{"start":{"line":37,"column":4},"end":{"line":37,"column":23}},"11":{"start":{"line":41,"column":36},"end":{"line":45,"column":2}},"12":{"start":{"line":47,"column":21},"end":{"line":72,"column":2}},"13":{"start":{"line":52,"column":4},"end":{"line":70,"column":8}},"14":{"start":{"line":54,"column":8},"end":{"line":54,"column":31}},"15":{"start":{"line":59,"column":10},"end":{"line":59,"column":34}},"16":{"start":{"line":60,"column":10},"end":{"line":60,"column":39}},"17":{"start":{"line":61,"column":10},"end":{"line":61,"column":34}},"18":{"start":{"line":65,"column":20},"end":{"line":65,"column":53}},"19":{"start":{"line":67,"column":10},"end":{"line":67,"column":34}},"20":{"start":{"line":68,"column":10},"end":{"line":68,"column":49}},"21":{"start":{"line":74,"column":0},"end":{"line":74,"column":36}},"22":{"start":{"line":76,"column":30},"end":{"line":76,"column":72}},"23":{"start":{"line":76,"column":52},"end":{"line":76,"column":72}},"24":{"start":{"line":76,"column":13},"end":{"line":76,"column":30}},"25":{"start":{"line":77,"column":37},"end":{"line":78,"column":26}},"26":{"start":{"line":78,"column":2},"end":{"line":78,"column":26}},"27":{"start":{"line":77,"column":13},"end":{"line":77,"column":37}},"28":{"start":{"line":79,"column":35},"end":{"line":79,"column":77}},"29":{"start":{"line":79,"column":57},"end":{"line":79,"column":77}},"30":{"start":{"line":79,"column":13},"end":{"line":79,"column":35}}},"fnMap":{"0":{"name":"(anonymous_0)","decl":{"start":{"line":23,"column":28},"end":{"line":23,"column":33}},"loc":{"start":{"line":23,"column":71},"end":{"line":39,"column":1}}},"1":{"name":"(anonymous_1)","decl":{"start":{"line":51,"column":17},"end":{"line":51,"column":18}},"loc":{"start":{"line":51,"column":29},"end":{"line":71,"column":3}}},"2":{"name":"(anonymous_2)","decl":{"start":{"line":53,"column":38},"end":{"line":53,"column":39}},"loc":{"start":{"line":53,"column":48},"end":{"line":55,"column":7}}},"3":{"name":"(anonymous_3)","decl":{"start":{"line":58,"column":8},"end":{"line":58,"column":9}},"loc":{"start":{"line":58,"column":52},"end":{"line":62,"column":9}}},"4":{"name":"(anonymous_4)","decl":{"start":{"line":65,"column":8},"end":{"line":65,"column":9}},"loc":{"start":{"line":65,"column":20},"end":{"line":65,"column":53}}},"5":{"name":"(anonymous_5)","decl":{"start":{"line":66,"column":8},"end":{"line":66,"column":9}},"loc":{"start":{"line":66,"column":61},"end":{"line":69,"column":9}}},"6":{"name":"(anonymous_6)","decl":{"start":{"line":76,"column":30},"end":{"line":76,"column":31}},"loc":{"start":{"line":76,"column":52},"end":{"line":76,"column":72}}},"7":{"name":"(anonymous_7)","decl":{"start":{"line":77,"column":37},"end":{"line":77,"column":38}},"loc":{"start":{"line":78,"column":2},"end":{"line":78,"column":26}}},"8":{"name":"(anonymous_8)","decl":{"start":{"line":79,"column":35},"end":{"line":79,"column":36}},"loc":{"start":{"line":79,"column":57},"end":{"line":79,"column":77}}}},"branchMap":{"0":{"loc":{"start":{"line":26,"column":16},"end":{"line":28,"column":55}},"type":"cond-expr","locations":[{"start":{"line":27,"column":8},"end":{"line":27,"column":76}},{"start":{"line":28,"column":8},"end":{"line":28,"column":55}}]},"1":{"loc":{"start":{"line":31,"column":4},"end":{"line":33,"column":5}},"type":"if","locations":[{"start":{"line":31,"column":4},"end":{"line":33,"column":5}}]}},"s":{"0":2,"1":2,"2":0,"3":0,"4":0,"5":0,"6":0,"7":0,"8":0,"9":0,"10":0,"11":2,"12":2,"13":1,"14":0,"15":0,"16":0,"17":0,"18":4,"19":0,"20":0,"21":2,"22":2,"23":0,"24":2,"25":2,"26":0,"27":2,"28":2,"29":0,"30":2},"f":{"0":0,"1":1,"2":0,"3":0,"4":4,"5":0,"6":0,"7":0,"8":0},"b":{"0":[0,0],"1":[0]}}
,"/home/tobi/react-apps/store-app-react/src/store/search.slice.ts": {"path":"/home/tobi/react-apps/store-app-react/src/store/search.slice.ts","statementMap":{"0":{"start":{"line":1,"column":0},"end":{"line":1,"column":65}},"1":{"start":{"line":9,"column":34},"end":{"line":11,"column":2}},"2":{"start":{"line":13,"column":13},"end":{"line":29,"column":2}},"3":{"start":{"line":16,"column":4},"end":{"line":27,"column":5}},"4":{"start":{"line":17,"column":18},"end":{"line":17,"column":60}},"5":{"start":{"line":19,"column":23},"end":{"line":19,"column":39}},"6":{"start":{"line":20,"column":6},"end":{"line":22,"column":7}},"7":{"start":{"line":21,"column":8},"end":{"line":21,"column":52}},"8":{"start":{"line":23,"column":19},"end":{"line":23,"column":40}},"9":{"start":{"line":24,"column":6},"end":{"line":24,"column":27}},"10":{"start":{"line":26,"column":6},"end":{"line":26,"column":25}},"11":{"start":{"line":31,"column":20},"end":{"line":40,"column":2}},"12":{"start":{"line":36,"column":4},"end":{"line":38,"column":7}},"13":{"start":{"line":37,"column":6},"end":{"line":37,"column":36}},"14":{"start":{"line":42,"column":0},"end":{"line":42,"column":35}},"15":{"start":{"line":43,"column":27},"end":{"line":43,"column":68}},"16":{"start":{"line":43,"column":49},"end":{"line":43,"column":68}},"17":{"start":{"line":43,"column":13},"end":{"line":43,"column":27}}},"fnMap":{"0":{"name":"(anonymous_0)","decl":{"start":{"line":15,"column":2},"end":{"line":15,"column":7}},"loc":{"start":{"line":15,"column":13},"end":{"line":28,"column":3}}},"1":{"name":"(anonymous_1)","decl":{"start":{"line":35,"column":17},"end":{"line":35,"column":18}},"loc":{"start":{"line":35,"column":29},"end":{"line":39,"column":3}}},"2":{"name":"(anonymous_2)","decl":{"start":{"line":36,"column":51},"end":{"line":36,"column":52}},"loc":{"start":{"line":36,"column":69},"end":{"line":38,"column":5}}},"3":{"name":"(anonymous_3)","decl":{"start":{"line":43,"column":27},"end":{"line":43,"column":28}},"loc":{"start":{"line":43,"column":49},"end":{"line":43,"column":68}}}},"branchMap":{"0":{"loc":{"start":{"line":20,"column":6},"end":{"line":22,"column":7}},"type":"if","locations":[{"start":{"line":20,"column":6},"end":{"line":22,"column":7}}]}},"s":{"0":1,"1":1,"2":1,"3":0,"4":0,"5":0,"6":0,"7":0,"8":0,"9":0,"10":0,"11":1,"12":1,"13":0,"14":1,"15":1,"16":0,"17":1},"f":{"0":0,"1":1,"2":0,"3":0},"b":{"0":[0]}}
,"/home/tobi/react-apps/store-app-react/src/store/storage.ts": {"path":"/home/tobi/react-apps/store-app-react/src/store/storage.ts","statementMap":{"0":{"start":{"line":2,"column":2},"end":{"line":11,"column":3}},"1":{"start":{"line":3,"column":22},"end":{"line":3,"column":47}},"2":{"start":{"line":4,"column":4},"end":{"line":6,"column":5}},"3":{"start":{"line":5,"column":6},"end":{"line":5,"column":23}},"4":{"start":{"line":7,"column":4},"end":{"line":7,"column":33}},"5":{"start":{"line":9,"column":4},"end":{"line":9,"column":21}},"6":{"start":{"line":10,"column":4},"end":{"line":10,"column":21}},"7":{"start":{"line":1,"column":0},"end":{"line":1,"column":16}},"8":{"start":{"line":15,"column":22},"end":{"line":15,"column":43}},"9":{"start":{"line":16,"column":2},"end":{"line":16,"column":41}},"10":{"start":{"line":14,"column":0},"end":{"line":14,"column":16}}},"fnMap":{"0":{"name":"loadState","decl":{"start":{"line":1,"column":16},"end":{"line":1,"column":25}},"loc":{"start":{"line":1,"column":40},"end":{"line":12,"column":1}}},"1":{"name":"saveState","decl":{"start":{"line":14,"column":16},"end":{"line":14,"column":25}},"loc":{"start":{"line":14,"column":50},"end":{"line":17,"column":1}}}},"branchMap":{"0":{"loc":{"start":{"line":4,"column":4},"end":{"line":6,"column":5}},"type":"if","locations":[{"start":{"line":4,"column":4},"end":{"line":6,"column":5}}]}},"s":{"0":2,"1":2,"2":2,"3":2,"4":0,"5":0,"6":0,"7":2,"8":1,"9":1,"10":2},"f":{"0":2,"1":1},"b":{"0":[2]}}
,"/home/tobi/react-apps/store-app-react/src/store/store.ts": {"path":"/home/tobi/react-apps/store-app-react/src/store/store.ts","statementMap":{"0":{"start":{"line":1,"column":0},"end":{"line":1,"column":50}},"1":{"start":{"line":2,"column":0},"end":{"line":2,"column":53}},"2":{"start":{"line":3,"column":0},"end":{"line":3,"column":38}},"3":{"start":{"line":4,"column":0},"end":{"line":4,"column":43}},"4":{"start":{"line":5,"column":0},"end":{"line":5,"column":41}},"5":{"start":{"line":7,"column":13},"end":{"line":13,"column":3}},"6":{"start":{"line":15,"column":0},"end":{"line":17,"column":3}},"7":{"start":{"line":16,"column":2},"end":{"line":16,"column":47}}},"fnMap":{"0":{"name":"(anonymous_7)","decl":{"start":{"line":15,"column":16},"end":{"line":15,"column":19}},"loc":{"start":{"line":15,"column":21},"end":{"line":17,"column":1}}}},"branchMap":{},"s":{"0":1,"1":1,"2":1,"3":1,"4":1,"5":1,"6":1,"7":1},"f":{"0":1},"b":{}}
}
